#! /c/Source/iverilog-install/bin/vvp
:ivl_version "12.0 (devel)" "(s20150603-1110-g18392a46)";
:ivl_delay_selection "TYPICAL";
:vpi_time_precision + 0;
:vpi_module "C:\iverilog\lib\ivl\system.vpi";
:vpi_module "C:\iverilog\lib\ivl\vhdl_sys.vpi";
:vpi_module "C:\iverilog\lib\ivl\vhdl_textio.vpi";
:vpi_module "C:\iverilog\lib\ivl\v2005_math.vpi";
:vpi_module "C:\iverilog\lib\ivl\va_math.vpi";
S_000001e8692662a0 .scope module, "tb" "tb" 2 1;
 .timescale 0 0;
v000001e86921ac50_0 .var "a", 3 0;
v000001e86921acf0_0 .net "out", 0 0, v000001e869233870_0;  1 drivers
v000001e8692665c0_0 .var "sel", 1 0;
S_000001e869266430 .scope module, "DUT" "mux_4_1" 2 5, 3 1 0, S_000001e8692662a0;
 .timescale 0 0;
    .port_info 0 /INPUT 4 "a";
    .port_info 1 /INPUT 2 "sel";
    .port_info 2 /OUTPUT 1 "out";
v000001e869233500_0 .net "a", 3 0, v000001e86921ac50_0;  1 drivers
v000001e869233870_0 .var "out", 0 0;
v000001e8692330e0_0 .net "sel", 1 0, v000001e8692665c0_0;  1 drivers
E_000001e86921c6a0 .event anyedge, v000001e8692330e0_0, v000001e869233500_0;
    .scope S_000001e869266430;
T_0 ;
    %wait E_000001e86921c6a0;
    %load/vec4 v000001e8692330e0_0;
    %dup/vec4;
    %pushi/vec4 0, 0, 2;
    %cmp/u;
    %jmp/1 T_0.0, 6;
    %dup/vec4;
    %pushi/vec4 1, 0, 2;
    %cmp/u;
    %jmp/1 T_0.1, 6;
    %dup/vec4;
    %pushi/vec4 2, 0, 2;
    %cmp/u;
    %jmp/1 T_0.2, 6;
    %dup/vec4;
    %pushi/vec4 3, 0, 2;
    %cmp/u;
    %jmp/1 T_0.3, 6;
    %jmp T_0.4;
T_0.0 ;
    %load/vec4 v000001e869233500_0;
    %parti/s 1, 0, 2;
    %assign/vec4 v000001e869233870_0, 0;
    %jmp T_0.4;
T_0.1 ;
    %load/vec4 v000001e869233500_0;
    %parti/s 1, 1, 2;
    %assign/vec4 v000001e869233870_0, 0;
    %jmp T_0.4;
T_0.2 ;
    %load/vec4 v000001e869233500_0;
    %parti/s 1, 2, 3;
    %assign/vec4 v000001e869233870_0, 0;
    %jmp T_0.4;
T_0.3 ;
    %load/vec4 v000001e869233500_0;
    %parti/s 1, 3, 3;
    %assign/vec4 v000001e869233870_0, 0;
    %jmp T_0.4;
T_0.4 ;
    %pop/vec4 1;
    %jmp T_0;
    .thread T_0, $push;
    .scope S_000001e8692662a0;
T_1 ;
    %vpi_call 2 8 "$monitor", "a=%d sel=%b out=%b", v000001e86921ac50_0, v000001e8692665c0_0, v000001e86921acf0_0 {0 0 0};
    %pushi/vec4 11, 0, 4;
    %store/vec4 v000001e86921ac50_0, 0, 4;
    %pushi/vec4 0, 0, 2;
    %store/vec4 v000001e8692665c0_0, 0, 2;
    %delay 5, 0;
    %pushi/vec4 1, 0, 2;
    %store/vec4 v000001e8692665c0_0, 0, 2;
    %delay 5, 0;
    %pushi/vec4 2, 0, 2;
    %store/vec4 v000001e8692665c0_0, 0, 2;
    %delay 5, 0;
    %pushi/vec4 3, 0, 2;
    %store/vec4 v000001e8692665c0_0, 0, 2;
    %end;
    .thread T_1;
# The file index is used to find the file name in the following table.
:file_names 4;
    "N/A";
    "<interactive>";
    "4_1_mux_tb.v";
    "4_1_mux.v";
