#! /c/Source/iverilog-install/bin/vvp
:ivl_version "12.0 (devel)" "(s20150603-1110-g18392a46)";
:ivl_delay_selection "TYPICAL";
:vpi_time_precision + 0;
:vpi_module "C:\iverilog\lib\ivl\system.vpi";
:vpi_module "C:\iverilog\lib\ivl\vhdl_sys.vpi";
:vpi_module "C:\iverilog\lib\ivl\vhdl_textio.vpi";
:vpi_module "C:\iverilog\lib\ivl\v2005_math.vpi";
:vpi_module "C:\iverilog\lib\ivl\va_math.vpi";
S_000002096f7b5e90 .scope module, "tb" "tb" 2 1;
 .timescale 0 0;
v000002096f803170_0 .var "a", 0 0;
v000002096f802950_0 .var "b", 0 0;
v000002096f8037b0_0 .net "bout", 0 0, L_000002096f7b4220;  1 drivers
v000002096f802c70_0 .var "cin", 0 0;
v000002096f8032b0_0 .net "dout", 0 0, L_000002096f7b43e0;  1 drivers
S_000002096f7b6020 .scope module, "DUT" "full_sub" 2 4, 3 1 0, S_000002096f7b5e90;
 .timescale 0 0;
    .port_info 0 /INPUT 1 "a";
    .port_info 1 /INPUT 1 "b";
    .port_info 2 /INPUT 1 "cin";
    .port_info 3 /OUTPUT 1 "dout";
    .port_info 4 /OUTPUT 1 "bout";
L_000002096f7b62f0 .functor XOR 1, v000002096f803170_0, v000002096f802950_0, C4<0>, C4<0>;
L_000002096f7b43e0 .functor XOR 1, L_000002096f7b62f0, v000002096f802c70_0, C4<0>, C4<0>;
L_000002096f7b4840 .functor NOT 1, v000002096f803170_0, C4<0>, C4<0>, C4<0>;
L_000002096f7b4760 .functor AND 1, L_000002096f7b4840, v000002096f802950_0, C4<1>, C4<1>;
L_000002096f7b4290 .functor AND 1, v000002096f802950_0, v000002096f802c70_0, C4<1>, C4<1>;
L_000002096f7b46f0 .functor OR 1, L_000002096f7b4760, L_000002096f7b4290, C4<0>, C4<0>;
L_000002096f7b4300 .functor NOT 1, v000002096f803170_0, C4<0>, C4<0>, C4<0>;
L_000002096f7b4610 .functor AND 1, v000002096f802c70_0, L_000002096f7b4300, C4<1>, C4<1>;
L_000002096f7b4220 .functor OR 1, L_000002096f7b46f0, L_000002096f7b4610, C4<0>, C4<0>;
v000002096f7b61b0_0 .net *"_ivl_0", 0 0, L_000002096f7b62f0;  1 drivers
v000002096f7830e0_0 .net *"_ivl_10", 0 0, L_000002096f7b46f0;  1 drivers
v000002096f7b6250_0 .net *"_ivl_12", 0 0, L_000002096f7b4300;  1 drivers
v000002096f7b3f10_0 .net *"_ivl_14", 0 0, L_000002096f7b4610;  1 drivers
v000002096f7b3fb0_0 .net *"_ivl_4", 0 0, L_000002096f7b4840;  1 drivers
v000002096f7b4050_0 .net *"_ivl_6", 0 0, L_000002096f7b4760;  1 drivers
v000002096f803030_0 .net *"_ivl_8", 0 0, L_000002096f7b4290;  1 drivers
v000002096f8028b0_0 .net "a", 0 0, v000002096f803170_0;  1 drivers
v000002096f803530_0 .net "b", 0 0, v000002096f802950_0;  1 drivers
v000002096f802b30_0 .net "bout", 0 0, L_000002096f7b4220;  alias, 1 drivers
v000002096f802bd0_0 .net "cin", 0 0, v000002096f802c70_0;  1 drivers
v000002096f802db0_0 .net "dout", 0 0, L_000002096f7b43e0;  alias, 1 drivers
    .scope S_000002096f7b5e90;
T_0 ;
    %vpi_call 2 6 "$monitor", "a=%b b=%b cin=%b dout=%b bout=%b", v000002096f803170_0, v000002096f802950_0, v000002096f802c70_0, v000002096f8032b0_0, v000002096f8037b0_0 {0 0 0};
    %pushi/vec4 0, 0, 1;
    %store/vec4 v000002096f803170_0, 0, 1;
    %pushi/vec4 0, 0, 1;
    %store/vec4 v000002096f802950_0, 0, 1;
    %pushi/vec4 0, 0, 1;
    %store/vec4 v000002096f802c70_0, 0, 1;
    %delay 5, 0;
    %pushi/vec4 0, 0, 1;
    %store/vec4 v000002096f803170_0, 0, 1;
    %pushi/vec4 0, 0, 1;
    %store/vec4 v000002096f802950_0, 0, 1;
    %pushi/vec4 1, 0, 1;
    %store/vec4 v000002096f802c70_0, 0, 1;
    %delay 5, 0;
    %pushi/vec4 0, 0, 1;
    %store/vec4 v000002096f803170_0, 0, 1;
    %pushi/vec4 1, 0, 1;
    %store/vec4 v000002096f802950_0, 0, 1;
    %pushi/vec4 0, 0, 1;
    %store/vec4 v000002096f802c70_0, 0, 1;
    %delay 5, 0;
    %pushi/vec4 0, 0, 1;
    %store/vec4 v000002096f803170_0, 0, 1;
    %pushi/vec4 1, 0, 1;
    %store/vec4 v000002096f802950_0, 0, 1;
    %pushi/vec4 1, 0, 1;
    %store/vec4 v000002096f802c70_0, 0, 1;
    %delay 5, 0;
    %pushi/vec4 1, 0, 1;
    %store/vec4 v000002096f803170_0, 0, 1;
    %pushi/vec4 0, 0, 1;
    %store/vec4 v000002096f802950_0, 0, 1;
    %pushi/vec4 0, 0, 1;
    %store/vec4 v000002096f802c70_0, 0, 1;
    %delay 5, 0;
    %pushi/vec4 1, 0, 1;
    %store/vec4 v000002096f803170_0, 0, 1;
    %pushi/vec4 0, 0, 1;
    %store/vec4 v000002096f802950_0, 0, 1;
    %pushi/vec4 1, 0, 1;
    %store/vec4 v000002096f802c70_0, 0, 1;
    %delay 5, 0;
    %pushi/vec4 1, 0, 1;
    %store/vec4 v000002096f803170_0, 0, 1;
    %pushi/vec4 1, 0, 1;
    %store/vec4 v000002096f802950_0, 0, 1;
    %pushi/vec4 0, 0, 1;
    %store/vec4 v000002096f802c70_0, 0, 1;
    %delay 5, 0;
    %pushi/vec4 1, 0, 1;
    %store/vec4 v000002096f803170_0, 0, 1;
    %pushi/vec4 1, 0, 1;
    %store/vec4 v000002096f802950_0, 0, 1;
    %pushi/vec4 1, 0, 1;
    %store/vec4 v000002096f802c70_0, 0, 1;
    %end;
    .thread T_0;
# The file index is used to find the file name in the following table.
:file_names 4;
    "N/A";
    "<interactive>";
    "full_sub_tb.v";
    "full_sub.v";
