#! /c/Source/iverilog-install/bin/vvp
:ivl_version "12.0 (devel)" "(s20150603-1110-g18392a46)";
:ivl_delay_selection "TYPICAL";
:vpi_time_precision + 0;
:vpi_module "C:\iverilog\lib\ivl\system.vpi";
:vpi_module "C:\iverilog\lib\ivl\vhdl_sys.vpi";
:vpi_module "C:\iverilog\lib\ivl\vhdl_textio.vpi";
:vpi_module "C:\iverilog\lib\ivl\v2005_math.vpi";
:vpi_module "C:\iverilog\lib\ivl\va_math.vpi";
S_000001216d08b240 .scope module, "tb" "tb" 2 1;
 .timescale 0 0;
v000001216d1921c0_0 .var "a", 0 0;
v000001216d192c60_0 .var "b", 0 0;
v000001216d192080_0 .var "cin", 0 0;
v000001216d192120_0 .net "cout", 0 0, L_000001216d193330;  1 drivers
v000001216d192d00_0 .net "sout", 0 0, L_000001216d193720;  1 drivers
S_000001216d08b3d0 .scope module, "DUT" "full_adder" 2 5, 3 1 0, S_000001216d08b240;
 .timescale 0 0;
    .port_info 0 /INPUT 1 "a";
    .port_info 1 /INPUT 1 "b";
    .port_info 2 /INPUT 1 "cin";
    .port_info 3 /OUTPUT 1 "sout";
    .port_info 4 /OUTPUT 1 "cout";
L_000001216d146330 .functor XOR 1, v000001216d1921c0_0, v000001216d192c60_0, C4<0>, C4<0>;
L_000001216d193720 .functor XOR 1, L_000001216d146330, v000001216d192080_0, C4<0>, C4<0>;
L_000001216d193790 .functor AND 1, v000001216d1921c0_0, v000001216d192c60_0, C4<1>, C4<1>;
L_000001216d193090 .functor AND 1, v000001216d192c60_0, v000001216d192080_0, C4<1>, C4<1>;
L_000001216d1936b0 .functor OR 1, L_000001216d193790, L_000001216d193090, C4<0>, C4<0>;
L_000001216d193410 .functor AND 1, v000001216d192080_0, v000001216d1921c0_0, C4<1>, C4<1>;
L_000001216d193330 .functor OR 1, L_000001216d1936b0, L_000001216d193410, C4<0>, C4<0>;
v000001216d08b560_0 .net *"_ivl_0", 0 0, L_000001216d146330;  1 drivers
v000001216d145ed0_0 .net *"_ivl_10", 0 0, L_000001216d193410;  1 drivers
v000001216d145f70_0 .net *"_ivl_4", 0 0, L_000001216d193790;  1 drivers
v000001216d146010_0 .net *"_ivl_6", 0 0, L_000001216d193090;  1 drivers
v000001216d1130f0_0 .net *"_ivl_8", 0 0, L_000001216d1936b0;  1 drivers
v000001216d1460b0_0 .net "a", 0 0, v000001216d1921c0_0;  1 drivers
v000001216d146150_0 .net "b", 0 0, v000001216d192c60_0;  1 drivers
v000001216d1461f0_0 .net "cin", 0 0, v000001216d192080_0;  1 drivers
v000001216d146290_0 .net "cout", 0 0, L_000001216d193330;  alias, 1 drivers
v000001216d1924e0_0 .net "sout", 0 0, L_000001216d193720;  alias, 1 drivers
    .scope S_000001216d08b240;
T_0 ;
    %vpi_call 2 7 "$monitor", "a=%b b=%b cin=%b sout=%b cout=%b", v000001216d1921c0_0, v000001216d192c60_0, v000001216d192080_0, v000001216d192d00_0, v000001216d192120_0 {0 0 0};
    %pushi/vec4 0, 0, 1;
    %store/vec4 v000001216d1921c0_0, 0, 1;
    %pushi/vec4 0, 0, 1;
    %store/vec4 v000001216d192c60_0, 0, 1;
    %pushi/vec4 0, 0, 1;
    %store/vec4 v000001216d192080_0, 0, 1;
    %delay 5, 0;
    %pushi/vec4 0, 0, 1;
    %store/vec4 v000001216d1921c0_0, 0, 1;
    %pushi/vec4 0, 0, 1;
    %store/vec4 v000001216d192c60_0, 0, 1;
    %pushi/vec4 1, 0, 1;
    %store/vec4 v000001216d192080_0, 0, 1;
    %delay 5, 0;
    %pushi/vec4 0, 0, 1;
    %store/vec4 v000001216d1921c0_0, 0, 1;
    %pushi/vec4 1, 0, 1;
    %store/vec4 v000001216d192c60_0, 0, 1;
    %pushi/vec4 0, 0, 1;
    %store/vec4 v000001216d192080_0, 0, 1;
    %delay 5, 0;
    %pushi/vec4 0, 0, 1;
    %store/vec4 v000001216d1921c0_0, 0, 1;
    %pushi/vec4 1, 0, 1;
    %store/vec4 v000001216d192c60_0, 0, 1;
    %pushi/vec4 1, 0, 1;
    %store/vec4 v000001216d192080_0, 0, 1;
    %delay 5, 0;
    %pushi/vec4 1, 0, 1;
    %store/vec4 v000001216d1921c0_0, 0, 1;
    %pushi/vec4 0, 0, 1;
    %store/vec4 v000001216d192c60_0, 0, 1;
    %pushi/vec4 0, 0, 1;
    %store/vec4 v000001216d192080_0, 0, 1;
    %delay 5, 0;
    %pushi/vec4 1, 0, 1;
    %store/vec4 v000001216d1921c0_0, 0, 1;
    %pushi/vec4 0, 0, 1;
    %store/vec4 v000001216d192c60_0, 0, 1;
    %pushi/vec4 1, 0, 1;
    %store/vec4 v000001216d192080_0, 0, 1;
    %delay 5, 0;
    %pushi/vec4 0, 0, 1;
    %store/vec4 v000001216d1921c0_0, 0, 1;
    %pushi/vec4 1, 0, 1;
    %store/vec4 v000001216d192c60_0, 0, 1;
    %pushi/vec4 0, 0, 1;
    %store/vec4 v000001216d192080_0, 0, 1;
    %delay 5, 0;
    %pushi/vec4 1, 0, 1;
    %store/vec4 v000001216d1921c0_0, 0, 1;
    %pushi/vec4 1, 0, 1;
    %store/vec4 v000001216d192c60_0, 0, 1;
    %pushi/vec4 1, 0, 1;
    %store/vec4 v000001216d192080_0, 0, 1;
    %end;
    .thread T_0;
# The file index is used to find the file name in the following table.
:file_names 4;
    "N/A";
    "<interactive>";
    "full_adder_tb.v";
    "full_adder.v";
