#! /c/Source/iverilog-install/bin/vvp
:ivl_version "12.0 (devel)" "(s20150603-1110-g18392a46)";
:ivl_delay_selection "TYPICAL";
:vpi_time_precision + 0;
:vpi_module "C:\iverilog\lib\ivl\system.vpi";
:vpi_module "C:\iverilog\lib\ivl\vhdl_sys.vpi";
:vpi_module "C:\iverilog\lib\ivl\vhdl_textio.vpi";
:vpi_module "C:\iverilog\lib\ivl\v2005_math.vpi";
:vpi_module "C:\iverilog\lib\ivl\va_math.vpi";
S_00000168982d5f80 .scope module, "tb" "tb" 2 1;
 .timescale 0 0;
v00000168982d38f0_0 .var "a", 1 0;
v00000168982d3e90_0 .net "b", 3 0, v00000168982d3d50_0;  1 drivers
S_00000168982d6110 .scope module, "DUT" "decoder_2_4" 2 4, 3 1 0, S_00000168982d5f80;
 .timescale 0 0;
    .port_info 0 /INPUT 2 "in";
    .port_info 1 /OUTPUT 4 "out";
v00000168982a3500_0 .net "in", 1 0, v00000168982d38f0_0;  1 drivers
v00000168982d3d50_0 .var "out", 3 0;
E_000001689828c200 .event anyedge, v00000168982a3500_0;
    .scope S_00000168982d6110;
T_0 ;
    %wait E_000001689828c200;
    %load/vec4 v00000168982a3500_0;
    %dup/vec4;
    %pushi/vec4 0, 0, 2;
    %cmp/u;
    %jmp/1 T_0.0, 6;
    %dup/vec4;
    %pushi/vec4 1, 0, 2;
    %cmp/u;
    %jmp/1 T_0.1, 6;
    %dup/vec4;
    %pushi/vec4 2, 0, 2;
    %cmp/u;
    %jmp/1 T_0.2, 6;
    %dup/vec4;
    %pushi/vec4 3, 0, 2;
    %cmp/u;
    %jmp/1 T_0.3, 6;
    %jmp T_0.4;
T_0.0 ;
    %pushi/vec4 1, 0, 4;
    %store/vec4 v00000168982d3d50_0, 0, 4;
    %jmp T_0.4;
T_0.1 ;
    %pushi/vec4 2, 0, 4;
    %store/vec4 v00000168982d3d50_0, 0, 4;
    %jmp T_0.4;
T_0.2 ;
    %pushi/vec4 4, 0, 4;
    %store/vec4 v00000168982d3d50_0, 0, 4;
    %jmp T_0.4;
T_0.3 ;
    %pushi/vec4 8, 0, 4;
    %store/vec4 v00000168982d3d50_0, 0, 4;
    %jmp T_0.4;
T_0.4 ;
    %pop/vec4 1;
    %jmp T_0;
    .thread T_0, $push;
    .scope S_00000168982d5f80;
T_1 ;
    %vpi_call 2 7 "$monitor", "a=%b b=%b", v00000168982d38f0_0, v00000168982d3e90_0 {0 0 0};
    %pushi/vec4 0, 0, 2;
    %store/vec4 v00000168982d38f0_0, 0, 2;
    %delay 5, 0;
    %pushi/vec4 1, 0, 2;
    %store/vec4 v00000168982d38f0_0, 0, 2;
    %delay 5, 0;
    %pushi/vec4 2, 0, 2;
    %store/vec4 v00000168982d38f0_0, 0, 2;
    %delay 5, 0;
    %pushi/vec4 3, 0, 2;
    %store/vec4 v00000168982d38f0_0, 0, 2;
    %end;
    .thread T_1;
# The file index is used to find the file name in the following table.
:file_names 4;
    "N/A";
    "<interactive>";
    "2_4_decoder_tb.v";
    "2_4_decoder.v";
