#! /c/Source/iverilog-install/bin/vvp
:ivl_version "12.0 (devel)" "(s20150603-1110-g18392a46)";
:ivl_delay_selection "TYPICAL";
:vpi_time_precision + 0;
:vpi_module "C:\iverilog\lib\ivl\system.vpi";
:vpi_module "C:\iverilog\lib\ivl\vhdl_sys.vpi";
:vpi_module "C:\iverilog\lib\ivl\vhdl_textio.vpi";
:vpi_module "C:\iverilog\lib\ivl\v2005_math.vpi";
:vpi_module "C:\iverilog\lib\ivl\va_math.vpi";
S_0000023633e49340 .scope module, "tb" "tb" 2 1;
 .timescale 0 0;
v0000023633d02ce0_0 .var "a", 0 0;
v0000023633d02d80_0 .var "b", 0 0;
v0000023633d02e20_0 .net "cout", 0 0, L_0000023633d033b0;  1 drivers
v0000023633d02ec0_0 .net "sout", 0 0, L_0000023633e4ebf0;  1 drivers
S_0000023633e494d0 .scope module, "DUT" "half_adder" 2 5, 3 1 0, S_0000023633e49340;
 .timescale 0 0;
    .port_info 0 /INPUT 1 "a";
    .port_info 1 /INPUT 1 "b";
    .port_info 2 /OUTPUT 1 "sout";
    .port_info 3 /OUTPUT 1 "cout";
L_0000023633e4ebf0 .functor XOR 1, v0000023633d02ce0_0, v0000023633d02d80_0, C4<0>, C4<0>;
L_0000023633d033b0 .functor AND 1, v0000023633d02ce0_0, v0000023633d02d80_0, C4<1>, C4<1>;
v0000023633d035d0_0 .net "a", 0 0, v0000023633d02ce0_0;  1 drivers
v0000023633e4bdd0_0 .net "b", 0 0, v0000023633d02d80_0;  1 drivers
v0000023633d35c40_0 .net "cout", 0 0, L_0000023633d033b0;  alias, 1 drivers
v0000023633e4eb50_0 .net "sout", 0 0, L_0000023633e4ebf0;  alias, 1 drivers
    .scope S_0000023633e49340;
T_0 ;
    %vpi_call 2 8 "$monitor", "a=%b b=%b sout=%b cout=%b", v0000023633d02ce0_0, v0000023633d02d80_0, v0000023633d02ec0_0, v0000023633d02e20_0 {0 0 0};
    %pushi/vec4 0, 0, 1;
    %store/vec4 v0000023633d02ce0_0, 0, 1;
    %pushi/vec4 0, 0, 1;
    %store/vec4 v0000023633d02d80_0, 0, 1;
    %delay 5, 0;
    %pushi/vec4 0, 0, 1;
    %store/vec4 v0000023633d02ce0_0, 0, 1;
    %pushi/vec4 1, 0, 1;
    %store/vec4 v0000023633d02d80_0, 0, 1;
    %delay 5, 0;
    %pushi/vec4 1, 0, 1;
    %store/vec4 v0000023633d02ce0_0, 0, 1;
    %pushi/vec4 0, 0, 1;
    %store/vec4 v0000023633d02d80_0, 0, 1;
    %delay 5, 0;
    %pushi/vec4 1, 0, 1;
    %store/vec4 v0000023633d02ce0_0, 0, 1;
    %pushi/vec4 1, 0, 1;
    %store/vec4 v0000023633d02d80_0, 0, 1;
    %end;
    .thread T_0;
# The file index is used to find the file name in the following table.
:file_names 4;
    "N/A";
    "<interactive>";
    "half_adder_tb.v";
    "half_adder.v";
