#! /c/Source/iverilog-install/bin/vvp
:ivl_version "12.0 (devel)" "(s20150603-1110-g18392a46)";
:ivl_delay_selection "TYPICAL";
:vpi_time_precision + 0;
:vpi_module "C:\iverilog\lib\ivl\system.vpi";
:vpi_module "C:\iverilog\lib\ivl\vhdl_sys.vpi";
:vpi_module "C:\iverilog\lib\ivl\vhdl_textio.vpi";
:vpi_module "C:\iverilog\lib\ivl\v2005_math.vpi";
:vpi_module "C:\iverilog\lib\ivl\va_math.vpi";
S_0000020640639630 .scope module, "tb" "tb" 2 1;
 .timescale 0 0;
v000002064063be00_0 .var "a", 0 0;
v000002064063bea0_0 .var "b", 0 0;
v00000206406cb840_0 .net "bout", 0 0, L_00000206406533b0;  1 drivers
v00000206406cb8e0_0 .net "dout", 0 0, L_0000020640653180;  1 drivers
S_00000206406397c0 .scope module, "DUT" "half_sub" 2 5, 3 1 0, S_0000020640639630;
 .timescale 0 0;
    .port_info 0 /INPUT 1 "a";
    .port_info 1 /INPUT 1 "b";
    .port_info 2 /OUTPUT 1 "dout";
    .port_info 3 /OUTPUT 1 "bout";
L_0000020640653180 .functor XOR 1, v000002064063be00_0, v000002064063bea0_0, C4<0>, C4<0>;
L_000002064063ec70 .functor NOT 1, v000002064063be00_0, C4<0>, C4<0>, C4<0>;
L_00000206406533b0 .functor AND 1, L_000002064063ec70, v000002064063bea0_0, C4<1>, C4<1>;
v000002064063ebd0_0 .net *"_ivl_2", 0 0, L_000002064063ec70;  1 drivers
v0000020640686010_0 .net "a", 0 0, v000002064063be00_0;  1 drivers
v00000206406530e0_0 .net "b", 0 0, v000002064063bea0_0;  1 drivers
v000002064063bcc0_0 .net "bout", 0 0, L_00000206406533b0;  alias, 1 drivers
v000002064063bd60_0 .net "dout", 0 0, L_0000020640653180;  alias, 1 drivers
    .scope S_0000020640639630;
T_0 ;
    %vpi_call 2 7 "$monitor", "a=%b b=%b dout=%b bout=%b", v000002064063be00_0, v000002064063bea0_0, v00000206406cb8e0_0, v00000206406cb840_0 {0 0 0};
    %pushi/vec4 0, 0, 1;
    %store/vec4 v000002064063be00_0, 0, 1;
    %pushi/vec4 0, 0, 1;
    %store/vec4 v000002064063bea0_0, 0, 1;
    %delay 5, 0;
    %pushi/vec4 0, 0, 1;
    %store/vec4 v000002064063be00_0, 0, 1;
    %pushi/vec4 1, 0, 1;
    %store/vec4 v000002064063bea0_0, 0, 1;
    %delay 5, 0;
    %pushi/vec4 1, 0, 1;
    %store/vec4 v000002064063be00_0, 0, 1;
    %pushi/vec4 0, 0, 1;
    %store/vec4 v000002064063bea0_0, 0, 1;
    %delay 5, 0;
    %pushi/vec4 1, 0, 1;
    %store/vec4 v000002064063be00_0, 0, 1;
    %pushi/vec4 1, 0, 1;
    %store/vec4 v000002064063bea0_0, 0, 1;
    %end;
    .thread T_0;
# The file index is used to find the file name in the following table.
:file_names 4;
    "N/A";
    "<interactive>";
    "half_sub_tb.v";
    "half_sub.v";
