#! /c/Source/iverilog-install/bin/vvp
:ivl_version "12.0 (devel)" "(s20150603-1110-g18392a46)";
:ivl_delay_selection "TYPICAL";
:vpi_time_precision + 0;
:vpi_module "C:\iverilog\lib\ivl\system.vpi";
:vpi_module "C:\iverilog\lib\ivl\vhdl_sys.vpi";
:vpi_module "C:\iverilog\lib\ivl\vhdl_textio.vpi";
:vpi_module "C:\iverilog\lib\ivl\v2005_math.vpi";
:vpi_module "C:\iverilog\lib\ivl\va_math.vpi";
S_000002199a4160e0 .scope module, "tb" "tb" 2 1;
 .timescale 0 0;
v000002199a3e30e0_0 .var "a", 3 0;
v000002199a3cbd80_0 .net "b", 1 0, v000002199a3e3520_0;  1 drivers
v000002199a3cbe20_0 .var/i "i", 31 0;
S_000002199a416270 .scope module, "DUT" "priority_encoder" 2 6, 3 1 0, S_000002199a4160e0;
 .timescale 0 0;
    .port_info 0 /INPUT 4 "in";
    .port_info 1 /OUTPUT 2 "out";
v000002199a416400_0 .net "in", 3 0, v000002199a3e30e0_0;  1 drivers
v000002199a3e3520_0 .var "out", 1 0;
E_000002199a3cc390 .event anyedge, v000002199a416400_0;
    .scope S_000002199a416270;
T_0 ;
    %wait E_000002199a3cc390;
    %load/vec4 v000002199a416400_0;
    %dup/vec4;
    %pushi/vec4 1, 0, 4;
    %cmp/x;
    %jmp/1 T_0.0, 4;
    %dup/vec4;
    %pushi/vec4 3, 1, 4;
    %cmp/x;
    %jmp/1 T_0.1, 4;
    %dup/vec4;
    %pushi/vec4 7, 3, 4;
    %cmp/x;
    %jmp/1 T_0.2, 4;
    %dup/vec4;
    %pushi/vec4 15, 7, 4;
    %cmp/x;
    %jmp/1 T_0.3, 4;
    %pushi/vec4 3, 3, 2;
    %store/vec4 v000002199a3e3520_0, 0, 2;
    %jmp T_0.5;
T_0.0 ;
    %pushi/vec4 0, 0, 2;
    %store/vec4 v000002199a3e3520_0, 0, 2;
    %jmp T_0.5;
T_0.1 ;
    %pushi/vec4 1, 0, 2;
    %store/vec4 v000002199a3e3520_0, 0, 2;
    %jmp T_0.5;
T_0.2 ;
    %pushi/vec4 2, 0, 2;
    %store/vec4 v000002199a3e3520_0, 0, 2;
    %jmp T_0.5;
T_0.3 ;
    %pushi/vec4 3, 0, 2;
    %store/vec4 v000002199a3e3520_0, 0, 2;
    %jmp T_0.5;
T_0.5 ;
    %pop/vec4 1;
    %jmp T_0;
    .thread T_0, $push;
    .scope S_000002199a4160e0;
T_1 ;
    %vpi_call 2 9 "$monitor", "a=%b b=%b", v000002199a3e30e0_0, v000002199a3cbd80_0 {0 0 0};
    %pushi/vec4 0, 0, 32;
    %store/vec4 v000002199a3cbe20_0, 0, 32;
T_1.0 ;
    %load/vec4 v000002199a3cbe20_0;
    %cmpi/s 4, 0, 32;
    %jmp/0xz T_1.1, 5;
    %pushi/vec4 2, 0, 32;
    %load/vec4 v000002199a3cbe20_0;
    %pow/s;
    %pad/s 4;
    %store/vec4 v000002199a3e30e0_0, 0, 4;
    %delay 5, 0;
    %load/vec4 v000002199a3cbe20_0;
    %addi 1, 0, 32;
    %store/vec4 v000002199a3cbe20_0, 0, 32;
    %jmp T_1.0;
T_1.1 ;
    %end;
    .thread T_1;
# The file index is used to find the file name in the following table.
:file_names 4;
    "N/A";
    "<interactive>";
    "priority_encoder_tb.v";
    "priority_encoder.v";
